<html>
<head>
<title>TestNG:  LoginTest</title>
<link href="../testng.css" rel="stylesheet" type="text/css" />
<link href="../my-testng.css" rel="stylesheet" type="text/css" />

<style type="text/css">
.log { display: none;} 
.stack-trace { display: none;} 
</style>
<script type="text/javascript">
<!--
function flip(e) {
  current = e.style.display;
  if (current == 'block') {
    e.style.display = 'none';
    return 0;
  }
  else {
    e.style.display = 'block';
    return 1;
  }
}

function toggleBox(szDivId, elem, msg1, msg2)
{
  var res = -1;  if (document.getElementById) {
    res = flip(document.getElementById(szDivId));
  }
  else if (document.all) {
    // this is the way old msie versions work
    res = flip(document.all[szDivId]);
  }
  if(elem) {
    if(res == 0) elem.innerHTML = msg1; else elem.innerHTML = msg2;
  }

}

function toggleAllBoxes() {
  if (document.getElementsByTagName) {
    d = document.getElementsByTagName('div');
    for (i = 0; i < d.length; i++) {
      if (d[i].className == 'log') {
        flip(d[i]);
      }
    }
  }
}

// -->
</script>

</head>
<body>
<h2 align='center'>LoginTest</h2><table border='1' align="center">
<tr>
<td>Tests passed/Failed/Skipped:</td><td>6/2/0</td>
</tr><tr>
<td>Started on:</td><td>Wed Oct 10 15:25:33 IST 2018</td>
</tr>
<tr><td>Total time:</td><td>122 seconds (122972 ms)</td>
</tr><tr>
<td>Included groups:</td><td></td>
</tr><tr>
<td>Excluded groups:</td><td></td>
</tr>
</table><p/>
<small><i>(Hover the method name to see the test class name)</i></small><p/>
<table width='100%' border='1' class='invocation-failed'>
<tr><td colspan='4' align='center'><b>FAILED CONFIGURATIONS</b></td></tr>
<tr><td><b>Test method</b></td>
<td width="30%"><b>Exception</b></td>
<td width="10%"><b>Time (seconds)</b></td>
<td><b>Instance</b></td>
</tr>
<tr>
<td title='com.mavSocial.LoginPage.TC002_VerifyLoginWithInvalidCredentials.driverClose()'><b>driverClose</b><br>Test class: com.mavSocial.LoginPage.TC002_VerifyLoginWithInvalidCredentials</td>
<td><div><pre>org.openqa.selenium.NoSuchSessionException: no such session
  (Driver info: chromedriver=2.41.578737 (49da6702b16031c40d63e5618de03a32ff6c197e),platform=Windows NT 10.0.17134 x86_64) (WARNING: The server did not provide any stacktrace information)
Command duration or timeout: 4 milliseconds
Build info: version: &apos;3.4.0&apos;, revision: &apos;unknown&apos;, time: &apos;unknown&apos;
System info: host: &apos;DESKTOP-9AUK2PQ&apos;, ip: &apos;192.168.0.57&apos;, os.name: &apos;Windows 10&apos;, os.arch: &apos;amd64&apos;, os.version: &apos;10.0&apos;, java.version: &apos;1.8.0_181&apos;
Driver info: org.openqa.selenium.chrome.ChromeDriver
Capabilities [{mobileEmulationEnabled=false, hasTouchScreen=false, platform=XP, acceptSslCerts=false, goog:chromeOptions={debuggerAddress=localhost:50852}, acceptInsecureCerts=false, webStorageEnabled=true, browserName=chrome, takesScreenshot=true, javascriptEnabled=true, setWindowRect=true, unexpectedAlertBehaviour=, applicationCacheEnabled=false, rotatable=false, networkConnectionEnabled=false, chrome={chromedriverVersion=2.41.578737 (49da6702b16031c40d63e5618de03a32ff6c197e), userDataDir=C:\Users\MANIAL~1\AppData\Local\Temp\scoped_dir2228_16194}, takesHeapSnapshot=true, pageLoadStrategy=normal, databaseEnabled=false, handlesAlerts=true, version=69.0.3497.100, browserConnectionEnabled=false, nativeEvents=true, locationContextEnabled=true, cssSelectorsEnabled=true}]
Session ID: 16cc892c695977fe3317e4e6ce003b3f
	at org.openqa.selenium.remote.ErrorHandler.createThrowable(ErrorHandler.java:215)
	at org.openqa.selenium.remote.ErrorHandler.throwIfResponseFailed(ErrorHandler.java:167)
	at org.openqa.selenium.remote.RemoteWebDriver.execute(RemoteWebDriver.java:671)
	at org.openqa.selenium.remote.RemoteWebDriver.execute(RemoteWebDriver.java:694)
	at org.openqa.selenium.remote.RemoteWebDriver.close(RemoteWebDriver.java:523)
	at com.mavSocial.LoginPage.TC002_VerifyLoginWithInvalidCredentials.driverClose(TC002_VerifyLoginWithInvalidCredentials.java:67)
... Removed 28 stack frames</pre></div><a href='#' onClick='toggleBox("stack-trace957923719", this, "Click to show all stack frames", "Click to hide stack frames")'>Click to show all stack frames</a>
<div class='stack-trace' id='stack-trace957923719'><pre>org.openqa.selenium.NoSuchSessionException: no such session
  (Driver info: chromedriver=2.41.578737 (49da6702b16031c40d63e5618de03a32ff6c197e),platform=Windows NT 10.0.17134 x86_64) (WARNING: The server did not provide any stacktrace information)
Command duration or timeout: 4 milliseconds
Build info: version: &apos;3.4.0&apos;, revision: &apos;unknown&apos;, time: &apos;unknown&apos;
System info: host: &apos;DESKTOP-9AUK2PQ&apos;, ip: &apos;192.168.0.57&apos;, os.name: &apos;Windows 10&apos;, os.arch: &apos;amd64&apos;, os.version: &apos;10.0&apos;, java.version: &apos;1.8.0_181&apos;
Driver info: org.openqa.selenium.chrome.ChromeDriver
Capabilities [{mobileEmulationEnabled=false, hasTouchScreen=false, platform=XP, acceptSslCerts=false, goog:chromeOptions={debuggerAddress=localhost:50852}, acceptInsecureCerts=false, webStorageEnabled=true, browserName=chrome, takesScreenshot=true, javascriptEnabled=true, setWindowRect=true, unexpectedAlertBehaviour=, applicationCacheEnabled=false, rotatable=false, networkConnectionEnabled=false, chrome={chromedriverVersion=2.41.578737 (49da6702b16031c40d63e5618de03a32ff6c197e), userDataDir=C:\Users\MANIAL~1\AppData\Local\Temp\scoped_dir2228_16194}, takesHeapSnapshot=true, pageLoadStrategy=normal, databaseEnabled=false, handlesAlerts=true, version=69.0.3497.100, browserConnectionEnabled=false, nativeEvents=true, locationContextEnabled=true, cssSelectorsEnabled=true}]
Session ID: 16cc892c695977fe3317e4e6ce003b3f
	at sun.reflect.NativeConstructorAccessorImpl.newInstance0(Native Method)
	at sun.reflect.NativeConstructorAccessorImpl.newInstance(Unknown Source)
	at sun.reflect.DelegatingConstructorAccessorImpl.newInstance(Unknown Source)
	at java.lang.reflect.Constructor.newInstance(Unknown Source)
	at org.openqa.selenium.remote.ErrorHandler.createThrowable(ErrorHandler.java:215)
	at org.openqa.selenium.remote.ErrorHandler.throwIfResponseFailed(ErrorHandler.java:167)
	at org.openqa.selenium.remote.RemoteWebDriver.execute(RemoteWebDriver.java:671)
	at org.openqa.selenium.remote.RemoteWebDriver.execute(RemoteWebDriver.java:694)
	at org.openqa.selenium.remote.RemoteWebDriver.close(RemoteWebDriver.java:523)
	at com.mavSocial.LoginPage.TC002_VerifyLoginWithInvalidCredentials.driverClose(TC002_VerifyLoginWithInvalidCredentials.java:67)
	at sun.reflect.NativeMethodAccessorImpl.invoke0(Native Method)
	at sun.reflect.NativeMethodAccessorImpl.invoke(Unknown Source)
	at sun.reflect.DelegatingMethodAccessorImpl.invoke(Unknown Source)
	at java.lang.reflect.Method.invoke(Unknown Source)
	at org.testng.internal.MethodInvocationHelper.invokeMethod(MethodInvocationHelper.java:124)
	at org.testng.internal.MethodInvocationHelper.invokeMethodConsideringTimeout(MethodInvocationHelper.java:59)
	at org.testng.internal.Invoker.invokeConfigurationMethod(Invoker.java:455)
	at org.testng.internal.Invoker.invokeConfigurations(Invoker.java:222)
	at org.testng.internal.Invoker.invokeConfigurations(Invoker.java:142)
	at org.testng.TestRunner.afterRun(TestRunner.java:725)
	at org.testng.TestRunner.run(TestRunner.java:509)
	at org.testng.SuiteRunner.runTest(SuiteRunner.java:455)
	at org.testng.SuiteRunner.runSequentially(SuiteRunner.java:450)
	at org.testng.SuiteRunner.privateRun(SuiteRunner.java:415)
	at org.testng.SuiteRunner.run(SuiteRunner.java:364)
	at org.testng.SuiteRunnerWorker.runSuite(SuiteRunnerWorker.java:52)
	at org.testng.SuiteRunnerWorker.run(SuiteRunnerWorker.java:84)
	at org.testng.TestNG.runSuitesSequentially(TestNG.java:1208)
	at org.testng.TestNG.runSuitesLocally(TestNG.java:1137)
	at org.testng.TestNG.runSuites(TestNG.java:1049)
	at org.testng.TestNG.run(TestNG.java:1017)
	at org.testng.remote.AbstractRemoteTestNG.run(AbstractRemoteTestNG.java:114)
	at org.testng.remote.RemoteTestNG.initAndRun(RemoteTestNG.java:251)
	at org.testng.remote.RemoteTestNG.main(RemoteTestNG.java:77)
</pre></div></td>
<td>0</td>
<td>com.mavSocial.LoginPage.TC002_VerifyLoginWithInvalidCredentials@780cb77</td></tr>
</table><p>
<table width='100%' border='1' class='invocation-failed'>
<tr><td colspan='4' align='center'><b>FAILED TESTS</b></td></tr>
<tr><td><b>Test method</b></td>
<td width="30%"><b>Exception</b></td>
<td width="10%"><b>Time (seconds)</b></td>
<td><b>Instance</b></td>
</tr>
<tr>
<td title='com.mavSocial.LoginPage.TC003_ChangePassword.verify_change_password()'><b>verify_change_password</b><br>Test class: com.mavSocial.LoginPage.TC003_ChangePassword<br/>
<a href="#Output-1632497828" onClick='toggleBox("Output-1632497828", this, "Show output", "Hide output");'>Show output</a>

<a href="#Output-1632497828" onClick="toggleAllBoxes();">Show all outputs</a>
<div class='log' id="Output-1632497828">
<a href='E:\Adithya\MavSocial\src\main\java\com\MavSocial\Failure_Screenshots\verify_change_password_10_10_2018_03_26_56.png'><img src='E:\Adithya\MavSocial\src\main\java\com\MavSocial\Failure_Screenshots\verify_change_password_10_10_2018_03_26_56.png'height='100'width='100'/></a><br/>
</div>
</td>
<td><div><pre>org.openqa.selenium.TimeoutException: Expected condition failed: waiting for url to contain &quot;home&quot;. Current url: &quot;https://app.maventus.com/user/login&quot; (tried for 20 second(s) with 500 MILLISECONDS interval)
Build info: version: &apos;3.4.0&apos;, revision: &apos;unknown&apos;, time: &apos;unknown&apos;
System info: host: &apos;DESKTOP-9AUK2PQ&apos;, ip: &apos;192.168.0.57&apos;, os.name: &apos;Windows 10&apos;, os.arch: &apos;amd64&apos;, os.version: &apos;10.0&apos;, java.version: &apos;1.8.0_181&apos;
Driver info: org.openqa.selenium.chrome.ChromeDriver
Capabilities [{mobileEmulationEnabled=false, hasTouchScreen=false, platform=XP, acceptSslCerts=false, goog:chromeOptions={debuggerAddress=localhost:50817}, acceptInsecureCerts=false, webStorageEnabled=true, browserName=chrome, takesScreenshot=true, javascriptEnabled=true, setWindowRect=true, unexpectedAlertBehaviour=, applicationCacheEnabled=false, rotatable=false, networkConnectionEnabled=false, chrome={chromedriverVersion=2.41.578737 (49da6702b16031c40d63e5618de03a32ff6c197e), userDataDir=C:\Users\MANIAL~1\AppData\Local\Temp\scoped_dir4228_32076}, takesHeapSnapshot=true, pageLoadStrategy=normal, databaseEnabled=false, handlesAlerts=true, version=69.0.3497.100, browserConnectionEnabled=false, nativeEvents=true, locationContextEnabled=true, cssSelectorsEnabled=true}]
Session ID: 6490ad7fd63d2491626dcdb09cbbd25a
	at org.openqa.selenium.support.ui.WebDriverWait.timeoutException(WebDriverWait.java:80)
	at org.openqa.selenium.support.ui.FluentWait.until(FluentWait.java:232)
	at com.mavSocial.testBase.TestBase.wait_until_url_contains(TestBase.java:265)
	at com.mavSocial.LoginPage.TC003_ChangePassword.verify_change_password(TC003_ChangePassword.java:35)
... Removed 25 stack frames</pre></div><a href='#' onClick='toggleBox("stack-trace1632497828", this, "Click to show all stack frames", "Click to hide stack frames")'>Click to show all stack frames</a>
<div class='stack-trace' id='stack-trace1632497828'><pre>org.openqa.selenium.TimeoutException: Expected condition failed: waiting for url to contain &quot;home&quot;. Current url: &quot;https://app.maventus.com/user/login&quot; (tried for 20 second(s) with 500 MILLISECONDS interval)
Build info: version: &apos;3.4.0&apos;, revision: &apos;unknown&apos;, time: &apos;unknown&apos;
System info: host: &apos;DESKTOP-9AUK2PQ&apos;, ip: &apos;192.168.0.57&apos;, os.name: &apos;Windows 10&apos;, os.arch: &apos;amd64&apos;, os.version: &apos;10.0&apos;, java.version: &apos;1.8.0_181&apos;
Driver info: org.openqa.selenium.chrome.ChromeDriver
Capabilities [{mobileEmulationEnabled=false, hasTouchScreen=false, platform=XP, acceptSslCerts=false, goog:chromeOptions={debuggerAddress=localhost:50817}, acceptInsecureCerts=false, webStorageEnabled=true, browserName=chrome, takesScreenshot=true, javascriptEnabled=true, setWindowRect=true, unexpectedAlertBehaviour=, applicationCacheEnabled=false, rotatable=false, networkConnectionEnabled=false, chrome={chromedriverVersion=2.41.578737 (49da6702b16031c40d63e5618de03a32ff6c197e), userDataDir=C:\Users\MANIAL~1\AppData\Local\Temp\scoped_dir4228_32076}, takesHeapSnapshot=true, pageLoadStrategy=normal, databaseEnabled=false, handlesAlerts=true, version=69.0.3497.100, browserConnectionEnabled=false, nativeEvents=true, locationContextEnabled=true, cssSelectorsEnabled=true}]
Session ID: 6490ad7fd63d2491626dcdb09cbbd25a
	at org.openqa.selenium.support.ui.WebDriverWait.timeoutException(WebDriverWait.java:80)
	at org.openqa.selenium.support.ui.FluentWait.until(FluentWait.java:232)
	at com.mavSocial.testBase.TestBase.wait_until_url_contains(TestBase.java:265)
	at com.mavSocial.LoginPage.TC003_ChangePassword.verify_change_password(TC003_ChangePassword.java:35)
	at sun.reflect.NativeMethodAccessorImpl.invoke0(Native Method)
	at sun.reflect.NativeMethodAccessorImpl.invoke(Unknown Source)
	at sun.reflect.DelegatingMethodAccessorImpl.invoke(Unknown Source)
	at java.lang.reflect.Method.invoke(Unknown Source)
	at org.testng.internal.MethodInvocationHelper.invokeMethod(MethodInvocationHelper.java:124)
	at org.testng.internal.Invoker.invokeMethod(Invoker.java:580)
	at org.testng.internal.Invoker.invokeTestMethod(Invoker.java:716)
	at org.testng.internal.Invoker.invokeTestMethods(Invoker.java:988)
	at org.testng.internal.TestMethodWorker.invokeTestMethods(TestMethodWorker.java:125)
	at org.testng.internal.TestMethodWorker.run(TestMethodWorker.java:109)
	at org.testng.TestRunner.privateRun(TestRunner.java:648)
	at org.testng.TestRunner.run(TestRunner.java:505)
	at org.testng.SuiteRunner.runTest(SuiteRunner.java:455)
	at org.testng.SuiteRunner.runSequentially(SuiteRunner.java:450)
	at org.testng.SuiteRunner.privateRun(SuiteRunner.java:415)
	at org.testng.SuiteRunner.run(SuiteRunner.java:364)
	at org.testng.SuiteRunnerWorker.runSuite(SuiteRunnerWorker.java:52)
	at org.testng.SuiteRunnerWorker.run(SuiteRunnerWorker.java:84)
	at org.testng.TestNG.runSuitesSequentially(TestNG.java:1208)
	at org.testng.TestNG.runSuitesLocally(TestNG.java:1137)
	at org.testng.TestNG.runSuites(TestNG.java:1049)
	at org.testng.TestNG.run(TestNG.java:1017)
	at org.testng.remote.AbstractRemoteTestNG.run(AbstractRemoteTestNG.java:114)
	at org.testng.remote.RemoteTestNG.initAndRun(RemoteTestNG.java:251)
	at org.testng.remote.RemoteTestNG.main(RemoteTestNG.java:77)
</pre></div></td>
<td>22</td>
<td>com.mavSocial.LoginPage.TC003_ChangePassword@691a7f8f</td></tr>
<tr>
<td title='com.mavSocial.LoginPage.TC001_LoginWithValidCredentials.verify_login_with_valid_credentials()'><b>verify_login_with_valid_credentials</b><br>Test class: com.mavSocial.LoginPage.TC001_LoginWithValidCredentials<br/>
<a href="#Output-1804441305" onClick='toggleBox("Output-1804441305", this, "Show output", "Hide output");'>Show output</a>

<a href="#Output-1804441305" onClick="toggleAllBoxes();">Show all outputs</a>
<div class='log' id="Output-1804441305">
<a href='E:\Adithya\MavSocial\src\main\java\com\MavSocial\Failure_Screenshots\verify_login_with_valid_credentials_10_10_2018_03_27_33.png'><img src='E:\Adithya\MavSocial\src\main\java\com\MavSocial\Failure_Screenshots\verify_login_with_valid_credentials_10_10_2018_03_27_33.png'height='100'width='100'/></a><br/>
</div>
</td>
<td><div><pre>org.openqa.selenium.TimeoutException: Expected condition failed: waiting for url to contain &quot;home&quot;. Current url: &quot;https://app.maventus.com/user/login&quot; (tried for 20 second(s) with 500 MILLISECONDS interval)
Build info: version: &apos;3.4.0&apos;, revision: &apos;unknown&apos;, time: &apos;unknown&apos;
System info: host: &apos;DESKTOP-9AUK2PQ&apos;, ip: &apos;192.168.0.57&apos;, os.name: &apos;Windows 10&apos;, os.arch: &apos;amd64&apos;, os.version: &apos;10.0&apos;, java.version: &apos;1.8.0_181&apos;
Driver info: org.openqa.selenium.chrome.ChromeDriver
Capabilities [{mobileEmulationEnabled=false, hasTouchScreen=false, platform=XP, acceptSslCerts=false, goog:chromeOptions={debuggerAddress=localhost:50852}, acceptInsecureCerts=false, webStorageEnabled=true, browserName=chrome, takesScreenshot=true, javascriptEnabled=true, setWindowRect=true, unexpectedAlertBehaviour=, applicationCacheEnabled=false, rotatable=false, networkConnectionEnabled=false, chrome={chromedriverVersion=2.41.578737 (49da6702b16031c40d63e5618de03a32ff6c197e), userDataDir=C:\Users\MANIAL~1\AppData\Local\Temp\scoped_dir2228_16194}, takesHeapSnapshot=true, pageLoadStrategy=normal, databaseEnabled=false, handlesAlerts=true, version=69.0.3497.100, browserConnectionEnabled=false, nativeEvents=true, locationContextEnabled=true, cssSelectorsEnabled=true}]
Session ID: 16cc892c695977fe3317e4e6ce003b3f
	at org.openqa.selenium.support.ui.WebDriverWait.timeoutException(WebDriverWait.java:80)
	at org.openqa.selenium.support.ui.FluentWait.until(FluentWait.java:232)
	at com.mavSocial.testBase.TestBase.wait_until_url_contains(TestBase.java:265)
	at com.mavSocial.LoginPage.TC001_LoginWithValidCredentials.verify_login_with_valid_credentials(TC001_LoginWithValidCredentials.java:39)
... Removed 25 stack frames</pre></div><a href='#' onClick='toggleBox("stack-trace1804441305", this, "Click to show all stack frames", "Click to hide stack frames")'>Click to show all stack frames</a>
<div class='stack-trace' id='stack-trace1804441305'><pre>org.openqa.selenium.TimeoutException: Expected condition failed: waiting for url to contain &quot;home&quot;. Current url: &quot;https://app.maventus.com/user/login&quot; (tried for 20 second(s) with 500 MILLISECONDS interval)
Build info: version: &apos;3.4.0&apos;, revision: &apos;unknown&apos;, time: &apos;unknown&apos;
System info: host: &apos;DESKTOP-9AUK2PQ&apos;, ip: &apos;192.168.0.57&apos;, os.name: &apos;Windows 10&apos;, os.arch: &apos;amd64&apos;, os.version: &apos;10.0&apos;, java.version: &apos;1.8.0_181&apos;
Driver info: org.openqa.selenium.chrome.ChromeDriver
Capabilities [{mobileEmulationEnabled=false, hasTouchScreen=false, platform=XP, acceptSslCerts=false, goog:chromeOptions={debuggerAddress=localhost:50852}, acceptInsecureCerts=false, webStorageEnabled=true, browserName=chrome, takesScreenshot=true, javascriptEnabled=true, setWindowRect=true, unexpectedAlertBehaviour=, applicationCacheEnabled=false, rotatable=false, networkConnectionEnabled=false, chrome={chromedriverVersion=2.41.578737 (49da6702b16031c40d63e5618de03a32ff6c197e), userDataDir=C:\Users\MANIAL~1\AppData\Local\Temp\scoped_dir2228_16194}, takesHeapSnapshot=true, pageLoadStrategy=normal, databaseEnabled=false, handlesAlerts=true, version=69.0.3497.100, browserConnectionEnabled=false, nativeEvents=true, locationContextEnabled=true, cssSelectorsEnabled=true}]
Session ID: 16cc892c695977fe3317e4e6ce003b3f
	at org.openqa.selenium.support.ui.WebDriverWait.timeoutException(WebDriverWait.java:80)
	at org.openqa.selenium.support.ui.FluentWait.until(FluentWait.java:232)
	at com.mavSocial.testBase.TestBase.wait_until_url_contains(TestBase.java:265)
	at com.mavSocial.LoginPage.TC001_LoginWithValidCredentials.verify_login_with_valid_credentials(TC001_LoginWithValidCredentials.java:39)
	at sun.reflect.NativeMethodAccessorImpl.invoke0(Native Method)
	at sun.reflect.NativeMethodAccessorImpl.invoke(Unknown Source)
	at sun.reflect.DelegatingMethodAccessorImpl.invoke(Unknown Source)
	at java.lang.reflect.Method.invoke(Unknown Source)
	at org.testng.internal.MethodInvocationHelper.invokeMethod(MethodInvocationHelper.java:124)
	at org.testng.internal.Invoker.invokeMethod(Invoker.java:580)
	at org.testng.internal.Invoker.invokeTestMethod(Invoker.java:716)
	at org.testng.internal.Invoker.invokeTestMethods(Invoker.java:988)
	at org.testng.internal.TestMethodWorker.invokeTestMethods(TestMethodWorker.java:125)
	at org.testng.internal.TestMethodWorker.run(TestMethodWorker.java:109)
	at org.testng.TestRunner.privateRun(TestRunner.java:648)
	at org.testng.TestRunner.run(TestRunner.java:505)
	at org.testng.SuiteRunner.runTest(SuiteRunner.java:455)
	at org.testng.SuiteRunner.runSequentially(SuiteRunner.java:450)
	at org.testng.SuiteRunner.privateRun(SuiteRunner.java:415)
	at org.testng.SuiteRunner.run(SuiteRunner.java:364)
	at org.testng.SuiteRunnerWorker.runSuite(SuiteRunnerWorker.java:52)
	at org.testng.SuiteRunnerWorker.run(SuiteRunnerWorker.java:84)
	at org.testng.TestNG.runSuitesSequentially(TestNG.java:1208)
	at org.testng.TestNG.runSuitesLocally(TestNG.java:1137)
	at org.testng.TestNG.runSuites(TestNG.java:1049)
	at org.testng.TestNG.run(TestNG.java:1017)
	at org.testng.remote.AbstractRemoteTestNG.run(AbstractRemoteTestNG.java:114)
	at org.testng.remote.RemoteTestNG.initAndRun(RemoteTestNG.java:251)
	at org.testng.remote.RemoteTestNG.main(RemoteTestNG.java:77)
</pre></div></td>
<td>21</td>
<td>com.mavSocial.LoginPage.TC001_LoginWithValidCredentials@16aa0a0a</td></tr>
</table><p>
<table width='100%' border='1' class='invocation-passed'>
<tr><td colspan='4' align='center'><b>PASSED TESTS</b></td></tr>
<tr><td><b>Test method</b></td>
<td width="30%"><b>Exception</b></td>
<td width="10%"><b>Time (seconds)</b></td>
<td><b>Instance</b></td>
</tr>
<tr>
<td title='com.mavSocial.LoginPage.TC002_VerifyLoginWithInvalidCredentials.verify_login_with_invalid_credentials()'><b>verify_login_with_invalid_credentials</b><br>Test class: com.mavSocial.LoginPage.TC002_VerifyLoginWithInvalidCredentials<br>Parameters: TestData123@gmail.com, 123456<br/>
<a href="#Output-1988644427" onClick='toggleBox("Output-1988644427", this, "Show output", "Hide output");'>Show output</a>

<a href="#Output-1988644427" onClick="toggleAllBoxes();">Show all outputs</a>
<div class='log' id="Output-1988644427">
<a href='E:\Adithya\MavSocial\src\main\java\com\MavSocial\Success_Screenshots\verify_login_with_invalid_credentials_10_10_2018_03_25_55.png'><img src='E:\Adithya\MavSocial\src\main\java\com\MavSocial\Success_Screenshots\verify_login_with_invalid_credentials_10_10_2018_03_25_55.png'height='100'width='100'/></a><br/>
</div>
</td>
<td></td>
<td>3</td>
<td>com.mavSocial.LoginPage.TC002_VerifyLoginWithInvalidCredentials@780cb77</td></tr>
<tr>
<td title='com.mavSocial.LoginPage.TC002_VerifyLoginWithInvalidCredentials.verify_login_with_invalid_credentials()'><b>verify_login_with_invalid_credentials</b><br>Test class: com.mavSocial.LoginPage.TC002_VerifyLoginWithInvalidCredentials<br>Parameters: holly@yopmail.com, 123457<br/>
<a href="#Output-787361897" onClick='toggleBox("Output-787361897", this, "Show output", "Hide output");'>Show output</a>

<a href="#Output-787361897" onClick="toggleAllBoxes();">Show all outputs</a>
<div class='log' id="Output-787361897">
<a href='E:\Adithya\MavSocial\src\main\java\com\MavSocial\Success_Screenshots\verify_login_with_invalid_credentials_10_10_2018_03_26_00.png'><img src='E:\Adithya\MavSocial\src\main\java\com\MavSocial\Success_Screenshots\verify_login_with_invalid_credentials_10_10_2018_03_26_00.png'height='100'width='100'/></a><br/>
</div>
</td>
<td></td>
<td>3</td>
<td>com.mavSocial.LoginPage.TC002_VerifyLoginWithInvalidCredentials@780cb77</td></tr>
<tr>
<td title='com.mavSocial.LoginPage.TC002_VerifyLoginWithInvalidCredentials.verify_login_with_invalid_credentials()'><b>verify_login_with_invalid_credentials</b><br>Test class: com.mavSocial.LoginPage.TC002_VerifyLoginWithInvalidCredentials<br>Parameters: , 123456<br/>
<a href="#Output-40191541" onClick='toggleBox("Output-40191541", this, "Show output", "Hide output");'>Show output</a>

<a href="#Output-40191541" onClick="toggleAllBoxes();">Show all outputs</a>
<div class='log' id="Output-40191541">
<a href='E:\Adithya\MavSocial\src\main\java\com\MavSocial\Success_Screenshots\verify_login_with_invalid_credentials_10_10_2018_03_26_04.png'><img src='E:\Adithya\MavSocial\src\main\java\com\MavSocial\Success_Screenshots\verify_login_with_invalid_credentials_10_10_2018_03_26_04.png'height='100'width='100'/></a><br/>
</div>
</td>
<td></td>
<td>3</td>
<td>com.mavSocial.LoginPage.TC002_VerifyLoginWithInvalidCredentials@780cb77</td></tr>
<tr>
<td title='com.mavSocial.LoginPage.TC002_VerifyLoginWithInvalidCredentials.verify_login_with_invalid_credentials()'><b>verify_login_with_invalid_credentials</b><br>Test class: com.mavSocial.LoginPage.TC002_VerifyLoginWithInvalidCredentials<br>Parameters: holly@yopmail.com, <br/>
<a href="#Output-18179709" onClick='toggleBox("Output-18179709", this, "Show output", "Hide output");'>Show output</a>

<a href="#Output-18179709" onClick="toggleAllBoxes();">Show all outputs</a>
<div class='log' id="Output-18179709">
<a href='E:\Adithya\MavSocial\src\main\java\com\MavSocial\Success_Screenshots\verify_login_with_invalid_credentials_10_10_2018_03_26_08.png'><img src='E:\Adithya\MavSocial\src\main\java\com\MavSocial\Success_Screenshots\verify_login_with_invalid_credentials_10_10_2018_03_26_08.png'height='100'width='100'/></a><br/>
</div>
</td>
<td></td>
<td>2</td>
<td>com.mavSocial.LoginPage.TC002_VerifyLoginWithInvalidCredentials@780cb77</td></tr>
<tr>
<td title='com.mavSocial.LoginPage.TC002_VerifyLoginWithInvalidCredentials.verify_login_with_invalid_credentials()'><b>verify_login_with_invalid_credentials</b><br>Test class: com.mavSocial.LoginPage.TC002_VerifyLoginWithInvalidCredentials<br>Parameters: , 123457<br/>
<a href="#Output-101874302" onClick='toggleBox("Output-101874302", this, "Show output", "Hide output");'>Show output</a>

<a href="#Output-101874302" onClick="toggleAllBoxes();">Show all outputs</a>
<div class='log' id="Output-101874302">
<a href='E:\Adithya\MavSocial\src\main\java\com\MavSocial\Success_Screenshots\verify_login_with_invalid_credentials_10_10_2018_03_26_13.png'><img src='E:\Adithya\MavSocial\src\main\java\com\MavSocial\Success_Screenshots\verify_login_with_invalid_credentials_10_10_2018_03_26_13.png'height='100'width='100'/></a><br/>
</div>
</td>
<td></td>
<td>3</td>
<td>com.mavSocial.LoginPage.TC002_VerifyLoginWithInvalidCredentials@780cb77</td></tr>
<tr>
<td title='com.mavSocial.LoginPage.TC002_VerifyLoginWithInvalidCredentials.verify_login_with_invalid_credentials()'><b>verify_login_with_invalid_credentials</b><br>Test class: com.mavSocial.LoginPage.TC002_VerifyLoginWithInvalidCredentials<br>Parameters: holla@yopmail.com, <br/>
<a href="#Output-840083671" onClick='toggleBox("Output-840083671", this, "Show output", "Hide output");'>Show output</a>

<a href="#Output-840083671" onClick="toggleAllBoxes();">Show all outputs</a>
<div class='log' id="Output-840083671">
<a href='E:\Adithya\MavSocial\src\main\java\com\MavSocial\Success_Screenshots\verify_login_with_invalid_credentials_10_10_2018_03_26_17.png'><img src='E:\Adithya\MavSocial\src\main\java\com\MavSocial\Success_Screenshots\verify_login_with_invalid_credentials_10_10_2018_03_26_17.png'height='100'width='100'/></a><br/>
</div>
</td>
<td></td>
<td>2</td>
<td>com.mavSocial.LoginPage.TC002_VerifyLoginWithInvalidCredentials@780cb77</td></tr>
</table><p>
</body>
</html>