<?xml version="1.0" encoding="UTF-8"?>
<testng-results skipped="0" failed="1" ignored="0" total="1" passed="0">
  <reporter-output>
  </reporter-output>
  <suite name="Default suite" duration-ms="35028" started-at="2019-10-05T14:46:27Z" finished-at="2019-10-05T14:47:02Z">
    <groups>
    </groups>
    <test name="Default test" duration-ms="35028" started-at="2019-10-05T14:46:27Z" finished-at="2019-10-05T14:47:02Z">
      <class name="com.Telecom.LoginPage.Sites_Opr">
        <test-method status="PASS" signature="openbrowser(java.lang.reflect.Method)[pri:0, instance:com.Telecom.LoginPage.Sites_Opr@f2f2cc1]" name="openbrowser" is-config="true" duration-ms="7497" started-at="2019-10-05T14:46:27Z" finished-at="2019-10-05T14:46:34Z">
          <params>
            <param index="0">
              <value>
                <![CDATA[public void com.Telecom.LoginPage.Sites_Opr.sitesoperations() throws java.lang.Exception]]>
              </value>
            </param>
          </params>
          <reporter-output>
          </reporter-output>
        </test-method> <!-- openbrowser -->
        <test-method status="FAIL" signature="sitesoperations()[pri:0, instance:com.Telecom.LoginPage.Sites_Opr@f2f2cc1]" name="sitesoperations" duration-ms="26962" started-at="2019-10-05T14:46:34Z" finished-at="2019-10-05T14:47:01Z">
          <exception class="java.lang.AssertionError">
            <message>
              <![CDATA[expected [] but found [Curepipe]]]>
            </message>
            <full-stacktrace>
              <![CDATA[java.lang.AssertionError: expected [] but found [Curepipe]
at org.testng.Assert.fail(Assert.java:96)
at org.testng.Assert.failNotEquals(Assert.java:776)
at org.testng.Assert.assertEqualsImpl(Assert.java:137)
at org.testng.Assert.assertEquals(Assert.java:118)
at org.testng.Assert.assertEquals(Assert.java:453)
at org.testng.Assert.assertEquals(Assert.java:463)
at com.Telecom.uiActions.Siteobj.sitesoperations(Siteobj.java:211)
at com.Telecom.LoginPage.Sites_Opr.sitesoperations(Sites_Opr.java:33)
at sun.reflect.NativeMethodAccessorImpl.invoke0(Native Method)
at sun.reflect.NativeMethodAccessorImpl.invoke(Unknown Source)
at sun.reflect.DelegatingMethodAccessorImpl.invoke(Unknown Source)
at java.lang.reflect.Method.invoke(Unknown Source)
at org.testng.internal.MethodInvocationHelper.invokeMethod(MethodInvocationHelper.java:124)
at org.testng.internal.Invoker.invokeMethod(Invoker.java:580)
at org.testng.internal.Invoker.invokeTestMethod(Invoker.java:716)
at org.testng.internal.Invoker.invokeTestMethods(Invoker.java:988)
at org.testng.internal.TestMethodWorker.invokeTestMethods(TestMethodWorker.java:125)
at org.testng.internal.TestMethodWorker.run(TestMethodWorker.java:109)
at org.testng.TestRunner.privateRun(TestRunner.java:648)
at org.testng.TestRunner.run(TestRunner.java:505)
at org.testng.SuiteRunner.runTest(SuiteRunner.java:455)
at org.testng.SuiteRunner.runSequentially(SuiteRunner.java:450)
at org.testng.SuiteRunner.privateRun(SuiteRunner.java:415)
at org.testng.SuiteRunner.run(SuiteRunner.java:364)
at org.testng.SuiteRunnerWorker.runSuite(SuiteRunnerWorker.java:52)
at org.testng.SuiteRunnerWorker.run(SuiteRunnerWorker.java:84)
at org.testng.TestNG.runSuitesSequentially(TestNG.java:1208)
at org.testng.TestNG.runSuitesLocally(TestNG.java:1137)
at org.testng.TestNG.runSuites(TestNG.java:1049)
at org.testng.TestNG.run(TestNG.java:1017)
at org.testng.remote.AbstractRemoteTestNG.run(AbstractRemoteTestNG.java:114)
at org.testng.remote.RemoteTestNG.initAndRun(RemoteTestNG.java:251)
at org.testng.remote.RemoteTestNG.main(RemoteTestNG.java:77)
]]>
            </full-stacktrace>
          </exception> <!-- java.lang.AssertionError -->
          <reporter-output>
          </reporter-output>
        </test-method> <!-- sitesoperations -->
        <test-method status="PASS" signature="browserclose()[pri:0, instance:com.Telecom.LoginPage.Sites_Opr@f2f2cc1]" name="browserclose" is-config="true" duration-ms="538" started-at="2019-10-05T14:47:01Z" finished-at="2019-10-05T14:47:02Z">
          <reporter-output>
          </reporter-output>
        </test-method> <!-- browserclose -->
      </class> <!-- com.Telecom.LoginPage.Sites_Opr -->
    </test> <!-- Default test -->
  </suite> <!-- Default suite -->
</testng-results>
